<?xml version="1.0" encoding="UTF-8"?>
<testsuite xmlns:xsi="http://www.w3.org/2001/XMLSchema-instance" xsi:noNamespaceSchemaLocation="https://maven.apache.org/surefire/maven-surefire-plugin/xsd/surefire-test-report.xsd" version="3.0.2" name="iut.sae.algo.TestTousLesEtudiants" time="3.438" tests="7" errors="0" skipped="0" failures="0">
  <properties>
[...]
</properties>
  <testcase name="testBacTropPetit[efficacite / etu6]" classname="iut.sae.algo.TestTousLesEtudiants" time="0.267"/>
  <testcase name="testTrou[efficacite / etu6]" classname="iut.sae.algo.TestTousLesEtudiants" time="0.0"/>
  <testcase name="testBacPlat[efficacite / etu6]" classname="iut.sae.algo.TestTousLesEtudiants" time="0.0"/>
  <testcase name="testBacVide[efficacite / etu6]" classname="iut.sae.algo.TestTousLesEtudiants" time="0.0"/>
  <testcase name="testTasSimple[efficacite / etu6]" classname="iut.sae.algo.TestTousLesEtudiants" time="0.0"/>
  <testcase name="testTasSimpleStable[efficacite / etu6]" classname="iut.sae.algo.TestTousLesEtudiants" time="0.0"/>
  <testcase name="testBacNul[efficacite / etu6]" classname="iut.sae.algo.TestTousLesEtudiants" time="0.0"/>
</testsuite>