<?xml version="1.0" encoding="UTF-8"?>
<testsuite xmlns:xsi="http://www.w3.org/2001/XMLSchema-instance" xsi:noNamespaceSchemaLocation="https://maven.apache.org/surefire/maven-surefire-plugin/xsd/surefire-test-report.xsd" version="3.0.2" name="iut.sae.algo.TasMinimifyTest" time="0.014" tests="25" errors="25" skipped="0" failures="0">
  <properties>
[...]
</properties>
  <testcase name="test500" classname="iut.sae.algo.TasMinimifyTest" time="0.001">
    <error message="Cannot read the array length because &quot;&lt;local1&gt;&quot; is null" type="java.lang.NullPointerException"><![CDATA[java.lang.NullPointerException: Cannot read the array length because "<local1>" is null
	at iut.sae.algo.TasDeSableTest.afficherBac(TasDeSableTest.java:334)
	at iut.sae.algo.TasDeSableTest.assertBacEquals(TasDeSableTest.java:353)
	at iut.sae.algo.TasDeSableTest.test500(TasDeSableTest.java:310)
	at java.base/jdk.internal.reflect.DirectMethodHandleAccessor.invoke(DirectMethodHandleAccessor.java:104)
	at java.base/java.lang.reflect.Method.invoke(Method.java:565)
	at junit.framework.TestCase.runTest(TestCase.java:177)
	at junit.framework.TestCase.runBare(TestCase.java:142)
	at junit.framework.TestResult$1.protect(TestResult.java:122)
	at junit.framework.TestResult.runProtected(TestResult.java:142)
	at junit.framework.TestResult.run(TestResult.java:125)
	at junit.framework.TestCase.run(TestCase.java:130)
	at junit.framework.TestSuite.runTest(TestSuite.java:241)
	at junit.framework.TestSuite.run(TestSuite.java:236)
	at org.junit.internal.runners.JUnit38ClassRunner.run(JUnit38ClassRunner.java:90)
	at org.apache.maven.surefire.junit4.JUnit4Provider.execute(JUnit4Provider.java:316)
	at org.apache.maven.surefire.junit4.JUnit4Provider.executeWithRerun(JUnit4Provider.java:240)
	at org.apache.maven.surefire.junit4.JUnit4Provider.executeTestSet(JUnit4Provider.java:214)
	at org.apache.maven.surefire.junit4.JUnit4Provider.invoke(JUnit4Provider.java:155)
	at org.apache.maven.surefire.booter.ForkedBooter.runSuitesInProcess(ForkedBooter.java:385)
	at org.apache.maven.surefire.booter.ForkedBooter.execute(ForkedBooter.java:162)
	at org.apache.maven.surefire.booter.ForkedBooter.run(ForkedBooter.java:507)
	at org.apache.maven.surefire.booter.ForkedBooter.main(ForkedBooter.java:495)
]]></error>
    <system-out><![CDATA[=== ATTENDU ===
0 1 2 3 4 5 4 3 2 1 1 
1 2 3 4 5 6 5 4 3 2 1 
2 3 4 5 6 7 6 5 4 3 2 
3 4 5 6 7 8 7 6 5 4 3 
4 5 6 7 8 8 8 7 6 5 4 
4 5 6 7 8 9 8 7 6 5 4 
3 4 5 6 7 8 7 6 5 5 4 
2 3 4 5 6 7 6 5 4 4 3 
1 2 3 4 5 6 5 4 4 3 2 
0 1 2 3 4 5 4 3 3 2 1 
0 1 2 2 3 4 3 2 2 1 0 
=== OBTENU  ===
]]></system-out>
  </testcase>
  <testcase name="testIUT" classname="iut.sae.algo.TasMinimifyTest" time="0.0">
    <error message="Cannot read the array length because &quot;&lt;local1&gt;&quot; is null" type="java.lang.NullPointerException"><![CDATA[java.lang.NullPointerException: Cannot read the array length because "<local1>" is null
	at iut.sae.algo.TasDeSableTest.afficherBac(TasDeSableTest.java:334)
	at iut.sae.algo.TasDeSableTest.assertBacEquals(TasDeSableTest.java:353)
	at iut.sae.algo.TasDeSableTest.testIUT(TasDeSableTest.java:322)
	at java.base/jdk.internal.reflect.DirectMethodHandleAccessor.invoke(DirectMethodHandleAccessor.java:104)
	at java.base/java.lang.reflect.Method.invoke(Method.java:565)
	at junit.framework.TestCase.runTest(TestCase.java:177)
	at junit.framework.TestCase.runBare(TestCase.java:142)
	at junit.framework.TestResult$1.protect(TestResult.java:122)
	at junit.framework.TestResult.runProtected(TestResult.java:142)
	at junit.framework.TestResult.run(TestResult.java:125)
	at junit.framework.TestCase.run(TestCase.java:130)
	at junit.framework.TestSuite.runTest(TestSuite.java:241)
	at junit.framework.TestSuite.run(TestSuite.java:236)
	at org.junit.internal.runners.JUnit38ClassRunner.run(JUnit38ClassRunner.java:90)
	at org.apache.maven.surefire.junit4.JUnit4Provider.execute(JUnit4Provider.java:316)
	at org.apache.maven.surefire.junit4.JUnit4Provider.executeWithRerun(JUnit4Provider.java:240)
	at org.apache.maven.surefire.junit4.JUnit4Provider.executeTestSet(JUnit4Provider.java:214)
	at org.apache.maven.surefire.junit4.JUnit4Provider.invoke(JUnit4Provider.java:155)
	at org.apache.maven.surefire.booter.ForkedBooter.runSuitesInProcess(ForkedBooter.java:385)
	at org.apache.maven.surefire.booter.ForkedBooter.execute(ForkedBooter.java:162)
	at org.apache.maven.surefire.booter.ForkedBooter.run(ForkedBooter.java:507)
	at org.apache.maven.surefire.booter.ForkedBooter.main(ForkedBooter.java:495)
]]></error>
    <system-out><![CDATA[=== ATTENDU ===
3 4 5 5 6 6 6 6 6 
3 4 5 5 6 6 6 6 5 
3 4 4 5 6 6 5 5 4 
=== OBTENU  ===
]]></system-out>
  </testcase>
  <testcase name="testBacTropPetit" classname="iut.sae.algo.TasMinimifyTest" time="0.0">
    <error message="Cannot read the array length because &quot;&lt;local1&gt;&quot; is null" type="java.lang.NullPointerException"><![CDATA[java.lang.NullPointerException: Cannot read the array length because "<local1>" is null
	at iut.sae.algo.TasDeSableTest.afficherBac(TasDeSableTest.java:334)
	at iut.sae.algo.TasDeSableTest.assertBacEquals(TasDeSableTest.java:353)
	at iut.sae.algo.TasDeSableTest.testBacTropPetit(TasDeSableTest.java:39)
	at java.base/jdk.internal.reflect.DirectMethodHandleAccessor.invoke(DirectMethodHandleAccessor.java:104)
	at java.base/java.lang.reflect.Method.invoke(Method.java:565)
	at junit.framework.TestCase.runTest(TestCase.java:177)
	at junit.framework.TestCase.runBare(TestCase.java:142)
	at junit.framework.TestResult$1.protect(TestResult.java:122)
	at junit.framework.TestResult.runProtected(TestResult.java:142)
	at junit.framework.TestResult.run(TestResult.java:125)
	at junit.framework.TestCase.run(TestCase.java:130)
	at junit.framework.TestSuite.runTest(TestSuite.java:241)
	at junit.framework.TestSuite.run(TestSuite.java:236)
	at org.junit.internal.runners.JUnit38ClassRunner.run(JUnit38ClassRunner.java:90)
	at org.apache.maven.surefire.junit4.JUnit4Provider.execute(JUnit4Provider.java:316)
	at org.apache.maven.surefire.junit4.JUnit4Provider.executeWithRerun(JUnit4Provider.java:240)
	at org.apache.maven.surefire.junit4.JUnit4Provider.executeTestSet(JUnit4Provider.java:214)
	at org.apache.maven.surefire.junit4.JUnit4Provider.invoke(JUnit4Provider.java:155)
	at org.apache.maven.surefire.booter.ForkedBooter.runSuitesInProcess(ForkedBooter.java:385)
	at org.apache.maven.surefire.booter.ForkedBooter.execute(ForkedBooter.java:162)
	at org.apache.maven.surefire.booter.ForkedBooter.run(ForkedBooter.java:507)
	at org.apache.maven.surefire.booter.ForkedBooter.main(ForkedBooter.java:495)
]]></error>
    <system-out><![CDATA[=== ATTENDU ===
5 
=== OBTENU  ===
]]></system-out>
  </testcase>
  <testcase name="testTrou" classname="iut.sae.algo.TasMinimifyTest" time="0.001">
    <error message="Cannot read the array length because &quot;&lt;local1&gt;&quot; is null" type="java.lang.NullPointerException"><![CDATA[java.lang.NullPointerException: Cannot read the array length because "<local1>" is null
	at iut.sae.algo.TasDeSableTest.afficherBac(TasDeSableTest.java:334)
	at iut.sae.algo.TasDeSableTest.assertBacEquals(TasDeSableTest.java:353)
	at iut.sae.algo.TasDeSableTest.testTrou(TasDeSableTest.java:91)
	at java.base/jdk.internal.reflect.DirectMethodHandleAccessor.invoke(DirectMethodHandleAccessor.java:104)
	at java.base/java.lang.reflect.Method.invoke(Method.java:565)
	at junit.framework.TestCase.runTest(TestCase.java:177)
	at junit.framework.TestCase.runBare(TestCase.java:142)
	at junit.framework.TestResult$1.protect(TestResult.java:122)
	at junit.framework.TestResult.runProtected(TestResult.java:142)
	at junit.framework.TestResult.run(TestResult.java:125)
	at junit.framework.TestCase.run(TestCase.java:130)
	at junit.framework.TestSuite.runTest(TestSuite.java:241)
	at junit.framework.TestSuite.run(TestSuite.java:236)
	at org.junit.internal.runners.JUnit38ClassRunner.run(JUnit38ClassRunner.java:90)
	at org.apache.maven.surefire.junit4.JUnit4Provider.execute(JUnit4Provider.java:316)
	at org.apache.maven.surefire.junit4.JUnit4Provider.executeWithRerun(JUnit4Provider.java:240)
	at org.apache.maven.surefire.junit4.JUnit4Provider.executeTestSet(JUnit4Provider.java:214)
	at org.apache.maven.surefire.junit4.JUnit4Provider.invoke(JUnit4Provider.java:155)
	at org.apache.maven.surefire.booter.ForkedBooter.runSuitesInProcess(ForkedBooter.java:385)
	at org.apache.maven.surefire.booter.ForkedBooter.execute(ForkedBooter.java:162)
	at org.apache.maven.surefire.booter.ForkedBooter.run(ForkedBooter.java:507)
	at org.apache.maven.surefire.booter.ForkedBooter.main(ForkedBooter.java:495)
]]></error>
    <system-out><![CDATA[=== ATTENDU ===
5 5 5 
5 5 5 
5 5 5 
=== OBTENU  ===
]]></system-out>
  </testcase>
  <testcase name="testBacPlat" classname="iut.sae.algo.TasMinimifyTest" time="0.0">
    <error message="Cannot read the array length because &quot;&lt;local1&gt;&quot; is null" type="java.lang.NullPointerException"><![CDATA[java.lang.NullPointerException: Cannot read the array length because "<local1>" is null
	at iut.sae.algo.TasDeSableTest.afficherBac(TasDeSableTest.java:334)
	at iut.sae.algo.TasDeSableTest.assertBacEquals(TasDeSableTest.java:353)
	at iut.sae.algo.TasDeSableTest.testBacPlat(TasDeSableTest.java:52)
	at java.base/jdk.internal.reflect.DirectMethodHandleAccessor.invoke(DirectMethodHandleAccessor.java:104)
	at java.base/java.lang.reflect.Method.invoke(Method.java:565)
	at junit.framework.TestCase.runTest(TestCase.java:177)
	at junit.framework.TestCase.runBare(TestCase.java:142)
	at junit.framework.TestResult$1.protect(TestResult.java:122)
	at junit.framework.TestResult.runProtected(TestResult.java:142)
	at junit.framework.TestResult.run(TestResult.java:125)
	at junit.framework.TestCase.run(TestCase.java:130)
	at junit.framework.TestSuite.runTest(TestSuite.java:241)
	at junit.framework.TestSuite.run(TestSuite.java:236)
	at org.junit.internal.runners.JUnit38ClassRunner.run(JUnit38ClassRunner.java:90)
	at org.apache.maven.surefire.junit4.JUnit4Provider.execute(JUnit4Provider.java:316)
	at org.apache.maven.surefire.junit4.JUnit4Provider.executeWithRerun(JUnit4Provider.java:240)
	at org.apache.maven.surefire.junit4.JUnit4Provider.executeTestSet(JUnit4Provider.java:214)
	at org.apache.maven.surefire.junit4.JUnit4Provider.invoke(JUnit4Provider.java:155)
	at org.apache.maven.surefire.booter.ForkedBooter.runSuitesInProcess(ForkedBooter.java:385)
	at org.apache.maven.surefire.booter.ForkedBooter.execute(ForkedBooter.java:162)
	at org.apache.maven.surefire.booter.ForkedBooter.run(ForkedBooter.java:507)
	at org.apache.maven.surefire.booter.ForkedBooter.main(ForkedBooter.java:495)
]]></error>
    <system-out><![CDATA[=== ATTENDU ===
5 5 5 
5 5 5 
5 5 5 
=== OBTENU  ===
]]></system-out>
  </testcase>
  <testcase name="testBacVide" classname="iut.sae.algo.TasMinimifyTest" time="0.001">
    <error message="Cannot read the array length because &quot;&lt;local1&gt;&quot; is null" type="java.lang.NullPointerException"><![CDATA[java.lang.NullPointerException: Cannot read the array length because "<local1>" is null
	at iut.sae.algo.TasDeSableTest.afficherBac(TasDeSableTest.java:334)
	at iut.sae.algo.TasDeSableTest.assertBacEquals(TasDeSableTest.java:353)
	at iut.sae.algo.TasDeSableTest.testBacVide(TasDeSableTest.java:30)
	at java.base/jdk.internal.reflect.DirectMethodHandleAccessor.invoke(DirectMethodHandleAccessor.java:104)
	at java.base/java.lang.reflect.Method.invoke(Method.java:565)
	at junit.framework.TestCase.runTest(TestCase.java:177)
	at junit.framework.TestCase.runBare(TestCase.java:142)
	at junit.framework.TestResult$1.protect(TestResult.java:122)
	at junit.framework.TestResult.runProtected(TestResult.java:142)
	at junit.framework.TestResult.run(TestResult.java:125)
	at junit.framework.TestCase.run(TestCase.java:130)
	at junit.framework.TestSuite.runTest(TestSuite.java:241)
	at junit.framework.TestSuite.run(TestSuite.java:236)
	at org.junit.internal.runners.JUnit38ClassRunner.run(JUnit38ClassRunner.java:90)
	at org.apache.maven.surefire.junit4.JUnit4Provider.execute(JUnit4Provider.java:316)
	at org.apache.maven.surefire.junit4.JUnit4Provider.executeWithRerun(JUnit4Provider.java:240)
	at org.apache.maven.surefire.junit4.JUnit4Provider.executeTestSet(JUnit4Provider.java:214)
	at org.apache.maven.surefire.junit4.JUnit4Provider.invoke(JUnit4Provider.java:155)
	at org.apache.maven.surefire.booter.ForkedBooter.runSuitesInProcess(ForkedBooter.java:385)
	at org.apache.maven.surefire.booter.ForkedBooter.execute(ForkedBooter.java:162)
	at org.apache.maven.surefire.booter.ForkedBooter.run(ForkedBooter.java:507)
	at org.apache.maven.surefire.booter.ForkedBooter.main(ForkedBooter.java:495)
]]></error>
    <system-out><![CDATA[=== ATTENDU ===
0 0 0 
0 0 0 
0 0 0 
=== OBTENU  ===
]]></system-out>
  </testcase>
  <testcase name="testTasCoin1BD" classname="iut.sae.algo.TasMinimifyTest" time="0.0">
    <error message="Cannot read the array length because &quot;&lt;local1&gt;&quot; is null" type="java.lang.NullPointerException"><![CDATA[java.lang.NullPointerException: Cannot read the array length because "<local1>" is null
	at iut.sae.algo.TasDeSableTest.afficherBac(TasDeSableTest.java:334)
	at iut.sae.algo.TasDeSableTest.assertBacEquals(TasDeSableTest.java:353)
	at iut.sae.algo.TasDeSableTest.testTasCoin1BD(TasDeSableTest.java:175)
	at java.base/jdk.internal.reflect.DirectMethodHandleAccessor.invoke(DirectMethodHandleAccessor.java:104)
	at java.base/java.lang.reflect.Method.invoke(Method.java:565)
	at junit.framework.TestCase.runTest(TestCase.java:177)
	at junit.framework.TestCase.runBare(TestCase.java:142)
	at junit.framework.TestResult$1.protect(TestResult.java:122)
	at junit.framework.TestResult.runProtected(TestResult.java:142)
	at junit.framework.TestResult.run(TestResult.java:125)
	at junit.framework.TestCase.run(TestCase.java:130)
	at junit.framework.TestSuite.runTest(TestSuite.java:241)
	at junit.framework.TestSuite.run(TestSuite.java:236)
	at org.junit.internal.runners.JUnit38ClassRunner.run(JUnit38ClassRunner.java:90)
	at org.apache.maven.surefire.junit4.JUnit4Provider.execute(JUnit4Provider.java:316)
	at org.apache.maven.surefire.junit4.JUnit4Provider.executeWithRerun(JUnit4Provider.java:240)
	at org.apache.maven.surefire.junit4.JUnit4Provider.executeTestSet(JUnit4Provider.java:214)
	at org.apache.maven.surefire.junit4.JUnit4Provider.invoke(JUnit4Provider.java:155)
	at org.apache.maven.surefire.booter.ForkedBooter.runSuitesInProcess(ForkedBooter.java:385)
	at org.apache.maven.surefire.booter.ForkedBooter.execute(ForkedBooter.java:162)
	at org.apache.maven.surefire.booter.ForkedBooter.run(ForkedBooter.java:507)
	at org.apache.maven.surefire.booter.ForkedBooter.main(ForkedBooter.java:495)
]]></error>
    <system-out><![CDATA[=== ATTENDU ===
0 0 0 
0 0 0 
0 0 1 
=== OBTENU  ===
]]></system-out>
  </testcase>
  <testcase name="testTasCoin1BG" classname="iut.sae.algo.TasMinimifyTest" time="0.001">
    <error message="Cannot read the array length because &quot;&lt;local1&gt;&quot; is null" type="java.lang.NullPointerException"><![CDATA[java.lang.NullPointerException: Cannot read the array length because "<local1>" is null
	at iut.sae.algo.TasDeSableTest.afficherBac(TasDeSableTest.java:334)
	at iut.sae.algo.TasDeSableTest.assertBacEquals(TasDeSableTest.java:353)
	at iut.sae.algo.TasDeSableTest.testTasCoin1BG(TasDeSableTest.java:163)
	at java.base/jdk.internal.reflect.DirectMethodHandleAccessor.invoke(DirectMethodHandleAccessor.java:104)
	at java.base/java.lang.reflect.Method.invoke(Method.java:565)
	at junit.framework.TestCase.runTest(TestCase.java:177)
	at junit.framework.TestCase.runBare(TestCase.java:142)
	at junit.framework.TestResult$1.protect(TestResult.java:122)
	at junit.framework.TestResult.runProtected(TestResult.java:142)
	at junit.framework.TestResult.run(TestResult.java:125)
	at junit.framework.TestCase.run(TestCase.java:130)
	at junit.framework.TestSuite.runTest(TestSuite.java:241)
	at junit.framework.TestSuite.run(TestSuite.java:236)
	at org.junit.internal.runners.JUnit38ClassRunner.run(JUnit38ClassRunner.java:90)
	at org.apache.maven.surefire.junit4.JUnit4Provider.execute(JUnit4Provider.java:316)
	at org.apache.maven.surefire.junit4.JUnit4Provider.executeWithRerun(JUnit4Provider.java:240)
	at org.apache.maven.surefire.junit4.JUnit4Provider.executeTestSet(JUnit4Provider.java:214)
	at org.apache.maven.surefire.junit4.JUnit4Provider.invoke(JUnit4Provider.java:155)
	at org.apache.maven.surefire.booter.ForkedBooter.runSuitesInProcess(ForkedBooter.java:385)
	at org.apache.maven.surefire.booter.ForkedBooter.execute(ForkedBooter.java:162)
	at org.apache.maven.surefire.booter.ForkedBooter.run(ForkedBooter.java:507)
	at org.apache.maven.surefire.booter.ForkedBooter.main(ForkedBooter.java:495)
]]></error>
    <system-out><![CDATA[=== ATTENDU ===
0 0 0 
0 0 0 
1 0 0 
=== OBTENU  ===
]]></system-out>
  </testcase>
  <testcase name="testTasCoin1HD" classname="iut.sae.algo.TasMinimifyTest" time="0.0">
    <error message="Cannot read the array length because &quot;&lt;local1&gt;&quot; is null" type="java.lang.NullPointerException"><![CDATA[java.lang.NullPointerException: Cannot read the array length because "<local1>" is null
	at iut.sae.algo.TasDeSableTest.afficherBac(TasDeSableTest.java:334)
	at iut.sae.algo.TasDeSableTest.assertBacEquals(TasDeSableTest.java:353)
	at iut.sae.algo.TasDeSableTest.testTasCoin1HD(TasDeSableTest.java:151)
	at java.base/jdk.internal.reflect.DirectMethodHandleAccessor.invoke(DirectMethodHandleAccessor.java:104)
	at java.base/java.lang.reflect.Method.invoke(Method.java:565)
	at junit.framework.TestCase.runTest(TestCase.java:177)
	at junit.framework.TestCase.runBare(TestCase.java:142)
	at junit.framework.TestResult$1.protect(TestResult.java:122)
	at junit.framework.TestResult.runProtected(TestResult.java:142)
	at junit.framework.TestResult.run(TestResult.java:125)
	at junit.framework.TestCase.run(TestCase.java:130)
	at junit.framework.TestSuite.runTest(TestSuite.java:241)
	at junit.framework.TestSuite.run(TestSuite.java:236)
	at org.junit.internal.runners.JUnit38ClassRunner.run(JUnit38ClassRunner.java:90)
	at org.apache.maven.surefire.junit4.JUnit4Provider.execute(JUnit4Provider.java:316)
	at org.apache.maven.surefire.junit4.JUnit4Provider.executeWithRerun(JUnit4Provider.java:240)
	at org.apache.maven.surefire.junit4.JUnit4Provider.executeTestSet(JUnit4Provider.java:214)
	at org.apache.maven.surefire.junit4.JUnit4Provider.invoke(JUnit4Provider.java:155)
	at org.apache.maven.surefire.booter.ForkedBooter.runSuitesInProcess(ForkedBooter.java:385)
	at org.apache.maven.surefire.booter.ForkedBooter.execute(ForkedBooter.java:162)
	at org.apache.maven.surefire.booter.ForkedBooter.run(ForkedBooter.java:507)
	at org.apache.maven.surefire.booter.ForkedBooter.main(ForkedBooter.java:495)
]]></error>
    <system-out><![CDATA[=== ATTENDU ===
0 0 1 
0 0 0 
0 0 0 
=== OBTENU  ===
]]></system-out>
  </testcase>
  <testcase name="testTasCoin1HG" classname="iut.sae.algo.TasMinimifyTest" time="0.0">
    <error message="Cannot read the array length because &quot;&lt;local1&gt;&quot; is null" type="java.lang.NullPointerException"><![CDATA[java.lang.NullPointerException: Cannot read the array length because "<local1>" is null
	at iut.sae.algo.TasDeSableTest.afficherBac(TasDeSableTest.java:334)
	at iut.sae.algo.TasDeSableTest.assertBacEquals(TasDeSableTest.java:353)
	at iut.sae.algo.TasDeSableTest.testTasCoin1HG(TasDeSableTest.java:139)
	at java.base/jdk.internal.reflect.DirectMethodHandleAccessor.invoke(DirectMethodHandleAccessor.java:104)
	at java.base/java.lang.reflect.Method.invoke(Method.java:565)
	at junit.framework.TestCase.runTest(TestCase.java:177)
	at junit.framework.TestCase.runBare(TestCase.java:142)
	at junit.framework.TestResult$1.protect(TestResult.java:122)
	at junit.framework.TestResult.runProtected(TestResult.java:142)
	at junit.framework.TestResult.run(TestResult.java:125)
	at junit.framework.TestCase.run(TestCase.java:130)
	at junit.framework.TestSuite.runTest(TestSuite.java:241)
	at junit.framework.TestSuite.run(TestSuite.java:236)
	at org.junit.internal.runners.JUnit38ClassRunner.run(JUnit38ClassRunner.java:90)
	at org.apache.maven.surefire.junit4.JUnit4Provider.execute(JUnit4Provider.java:316)
	at org.apache.maven.surefire.junit4.JUnit4Provider.executeWithRerun(JUnit4Provider.java:240)
	at org.apache.maven.surefire.junit4.JUnit4Provider.executeTestSet(JUnit4Provider.java:214)
	at org.apache.maven.surefire.junit4.JUnit4Provider.invoke(JUnit4Provider.java:155)
	at org.apache.maven.surefire.booter.ForkedBooter.runSuitesInProcess(ForkedBooter.java:385)
	at org.apache.maven.surefire.booter.ForkedBooter.execute(ForkedBooter.java:162)
	at org.apache.maven.surefire.booter.ForkedBooter.run(ForkedBooter.java:507)
	at org.apache.maven.surefire.booter.ForkedBooter.main(ForkedBooter.java:495)
]]></error>
    <system-out><![CDATA[=== ATTENDU ===
1 0 0 
0 0 0 
0 0 0 
=== OBTENU  ===
]]></system-out>
  </testcase>
  <testcase name="testTasLigneB" classname="iut.sae.algo.TasMinimifyTest" time="0.001">
    <error message="Cannot read the array length because &quot;&lt;local1&gt;&quot; is null" type="java.lang.NullPointerException"><![CDATA[java.lang.NullPointerException: Cannot read the array length because "<local1>" is null
	at iut.sae.algo.TasDeSableTest.afficherBac(TasDeSableTest.java:334)
	at iut.sae.algo.TasDeSableTest.assertBacEquals(TasDeSableTest.java:353)
	at iut.sae.algo.TasDeSableTest.testTasLigneB(TasDeSableTest.java:247)
	at java.base/jdk.internal.reflect.DirectMethodHandleAccessor.invoke(DirectMethodHandleAccessor.java:104)
	at java.base/java.lang.reflect.Method.invoke(Method.java:565)
	at junit.framework.TestCase.runTest(TestCase.java:177)
	at junit.framework.TestCase.runBare(TestCase.java:142)
	at junit.framework.TestResult$1.protect(TestResult.java:122)
	at junit.framework.TestResult.runProtected(TestResult.java:142)
	at junit.framework.TestResult.run(TestResult.java:125)
	at junit.framework.TestCase.run(TestCase.java:130)
	at junit.framework.TestSuite.runTest(TestSuite.java:241)
	at junit.framework.TestSuite.run(TestSuite.java:236)
	at org.junit.internal.runners.JUnit38ClassRunner.run(JUnit38ClassRunner.java:90)
	at org.apache.maven.surefire.junit4.JUnit4Provider.execute(JUnit4Provider.java:316)
	at org.apache.maven.surefire.junit4.JUnit4Provider.executeWithRerun(JUnit4Provider.java:240)
	at org.apache.maven.surefire.junit4.JUnit4Provider.executeTestSet(JUnit4Provider.java:214)
	at org.apache.maven.surefire.junit4.JUnit4Provider.invoke(JUnit4Provider.java:155)
	at org.apache.maven.surefire.booter.ForkedBooter.runSuitesInProcess(ForkedBooter.java:385)
	at org.apache.maven.surefire.booter.ForkedBooter.execute(ForkedBooter.java:162)
	at org.apache.maven.surefire.booter.ForkedBooter.run(ForkedBooter.java:507)
	at org.apache.maven.surefire.booter.ForkedBooter.main(ForkedBooter.java:495)
]]></error>
    <system-out><![CDATA[=== ATTENDU ===
1 1 1 
1 1 1 
2 2 2 
=== OBTENU  ===
]]></system-out>
  </testcase>
  <testcase name="testTasLigneC" classname="iut.sae.algo.TasMinimifyTest" time="0.0">
    <error message="Cannot read the array length because &quot;&lt;local1&gt;&quot; is null" type="java.lang.NullPointerException"><![CDATA[java.lang.NullPointerException: Cannot read the array length because "<local1>" is null
	at iut.sae.algo.TasDeSableTest.afficherBac(TasDeSableTest.java:334)
	at iut.sae.algo.TasDeSableTest.assertBacEquals(TasDeSableTest.java:353)
	at iut.sae.algo.TasDeSableTest.testTasLigneC(TasDeSableTest.java:260)
	at java.base/jdk.internal.reflect.DirectMethodHandleAccessor.invoke(DirectMethodHandleAccessor.java:104)
	at java.base/java.lang.reflect.Method.invoke(Method.java:565)
	at junit.framework.TestCase.runTest(TestCase.java:177)
	at junit.framework.TestCase.runBare(TestCase.java:142)
	at junit.framework.TestResult$1.protect(TestResult.java:122)
	at junit.framework.TestResult.runProtected(TestResult.java:142)
	at junit.framework.TestResult.run(TestResult.java:125)
	at junit.framework.TestCase.run(TestCase.java:130)
	at junit.framework.TestSuite.runTest(TestSuite.java:241)
	at junit.framework.TestSuite.run(TestSuite.java:236)
	at org.junit.internal.runners.JUnit38ClassRunner.run(JUnit38ClassRunner.java:90)
	at org.apache.maven.surefire.junit4.JUnit4Provider.execute(JUnit4Provider.java:316)
	at org.apache.maven.surefire.junit4.JUnit4Provider.executeWithRerun(JUnit4Provider.java:240)
	at org.apache.maven.surefire.junit4.JUnit4Provider.executeTestSet(JUnit4Provider.java:214)
	at org.apache.maven.surefire.junit4.JUnit4Provider.invoke(JUnit4Provider.java:155)
	at org.apache.maven.surefire.booter.ForkedBooter.runSuitesInProcess(ForkedBooter.java:385)
	at org.apache.maven.surefire.booter.ForkedBooter.execute(ForkedBooter.java:162)
	at org.apache.maven.surefire.booter.ForkedBooter.run(ForkedBooter.java:507)
	at org.apache.maven.surefire.booter.ForkedBooter.main(ForkedBooter.java:495)
]]></error>
    <system-out><![CDATA[=== ATTENDU ===
1 1 1 
2 2 2 
1 1 1 
=== OBTENU  ===
]]></system-out>
  </testcase>
  <testcase name="testTasLigneH" classname="iut.sae.algo.TasMinimifyTest" time="0.0">
    <error message="Cannot read the array length because &quot;&lt;local1&gt;&quot; is null" type="java.lang.NullPointerException"><![CDATA[java.lang.NullPointerException: Cannot read the array length because "<local1>" is null
	at iut.sae.algo.TasDeSableTest.afficherBac(TasDeSableTest.java:334)
	at iut.sae.algo.TasDeSableTest.assertBacEquals(TasDeSableTest.java:353)
	at iut.sae.algo.TasDeSableTest.testTasLigneH(TasDeSableTest.java:235)
	at java.base/jdk.internal.reflect.DirectMethodHandleAccessor.invoke(DirectMethodHandleAccessor.java:104)
	at java.base/java.lang.reflect.Method.invoke(Method.java:565)
	at junit.framework.TestCase.runTest(TestCase.java:177)
	at junit.framework.TestCase.runBare(TestCase.java:142)
	at junit.framework.TestResult$1.protect(TestResult.java:122)
	at junit.framework.TestResult.runProtected(TestResult.java:142)
	at junit.framework.TestResult.run(TestResult.java:125)
	at junit.framework.TestCase.run(TestCase.java:130)
	at junit.framework.TestSuite.runTest(TestSuite.java:241)
	at junit.framework.TestSuite.run(TestSuite.java:236)
	at org.junit.internal.runners.JUnit38ClassRunner.run(JUnit38ClassRunner.java:90)
	at org.apache.maven.surefire.junit4.JUnit4Provider.execute(JUnit4Provider.java:316)
	at org.apache.maven.surefire.junit4.JUnit4Provider.executeWithRerun(JUnit4Provider.java:240)
	at org.apache.maven.surefire.junit4.JUnit4Provider.executeTestSet(JUnit4Provider.java:214)
	at org.apache.maven.surefire.junit4.JUnit4Provider.invoke(JUnit4Provider.java:155)
	at org.apache.maven.surefire.booter.ForkedBooter.runSuitesInProcess(ForkedBooter.java:385)
	at org.apache.maven.surefire.booter.ForkedBooter.execute(ForkedBooter.java:162)
	at org.apache.maven.surefire.booter.ForkedBooter.run(ForkedBooter.java:507)
	at org.apache.maven.surefire.booter.ForkedBooter.main(ForkedBooter.java:495)
]]></error>
    <system-out><![CDATA[=== ATTENDU ===
2 2 2 
1 1 1 
1 1 1 
=== OBTENU  ===
]]></system-out>
  </testcase>
  <testcase name="testDoubleTas5" classname="iut.sae.algo.TasMinimifyTest" time="0.001">
    <error message="Cannot read the array length because &quot;&lt;local1&gt;&quot; is null" type="java.lang.NullPointerException"><![CDATA[java.lang.NullPointerException: Cannot read the array length because "<local1>" is null
	at iut.sae.algo.TasDeSableTest.afficherBac(TasDeSableTest.java:334)
	at iut.sae.algo.TasDeSableTest.assertBacEquals(TasDeSableTest.java:353)
	at iut.sae.algo.TasDeSableTest.testDoubleTas5(TasDeSableTest.java:276)
	at java.base/jdk.internal.reflect.DirectMethodHandleAccessor.invoke(DirectMethodHandleAccessor.java:104)
	at java.base/java.lang.reflect.Method.invoke(Method.java:565)
	at junit.framework.TestCase.runTest(TestCase.java:177)
	at junit.framework.TestCase.runBare(TestCase.java:142)
	at junit.framework.TestResult$1.protect(TestResult.java:122)
	at junit.framework.TestResult.runProtected(TestResult.java:142)
	at junit.framework.TestResult.run(TestResult.java:125)
	at junit.framework.TestCase.run(TestCase.java:130)
	at junit.framework.TestSuite.runTest(TestSuite.java:241)
	at junit.framework.TestSuite.run(TestSuite.java:236)
	at org.junit.internal.runners.JUnit38ClassRunner.run(JUnit38ClassRunner.java:90)
	at org.apache.maven.surefire.junit4.JUnit4Provider.execute(JUnit4Provider.java:316)
	at org.apache.maven.surefire.junit4.JUnit4Provider.executeWithRerun(JUnit4Provider.java:240)
	at org.apache.maven.surefire.junit4.JUnit4Provider.executeTestSet(JUnit4Provider.java:214)
	at org.apache.maven.surefire.junit4.JUnit4Provider.invoke(JUnit4Provider.java:155)
	at org.apache.maven.surefire.booter.ForkedBooter.runSuitesInProcess(ForkedBooter.java:385)
	at org.apache.maven.surefire.booter.ForkedBooter.execute(ForkedBooter.java:162)
	at org.apache.maven.surefire.booter.ForkedBooter.run(ForkedBooter.java:507)
	at org.apache.maven.surefire.booter.ForkedBooter.main(ForkedBooter.java:495)
]]></error>
    <system-out><![CDATA[=== ATTENDU ===
0 1 0 0 0 
1 1 1 0 0 
0 1 0 1 0 
0 0 1 1 1 
0 0 0 1 0 
=== OBTENU  ===
]]></system-out>
  </testcase>
  <testcase name="testTasSimple" classname="iut.sae.algo.TasMinimifyTest" time="0.0">
    <error message="Cannot read the array length because &quot;&lt;local1&gt;&quot; is null" type="java.lang.NullPointerException"><![CDATA[java.lang.NullPointerException: Cannot read the array length because "<local1>" is null
	at iut.sae.algo.TasDeSableTest.afficherBac(TasDeSableTest.java:334)
	at iut.sae.algo.TasDeSableTest.assertBacEquals(TasDeSableTest.java:353)
	at iut.sae.algo.TasDeSableTest.testTasSimple(TasDeSableTest.java:65)
	at java.base/jdk.internal.reflect.DirectMethodHandleAccessor.invoke(DirectMethodHandleAccessor.java:104)
	at java.base/java.lang.reflect.Method.invoke(Method.java:565)
	at junit.framework.TestCase.runTest(TestCase.java:177)
	at junit.framework.TestCase.runBare(TestCase.java:142)
	at junit.framework.TestResult$1.protect(TestResult.java:122)
	at junit.framework.TestResult.runProtected(TestResult.java:142)
	at junit.framework.TestResult.run(TestResult.java:125)
	at junit.framework.TestCase.run(TestCase.java:130)
	at junit.framework.TestSuite.runTest(TestSuite.java:241)
	at junit.framework.TestSuite.run(TestSuite.java:236)
	at org.junit.internal.runners.JUnit38ClassRunner.run(JUnit38ClassRunner.java:90)
	at org.apache.maven.surefire.junit4.JUnit4Provider.execute(JUnit4Provider.java:316)
	at org.apache.maven.surefire.junit4.JUnit4Provider.executeWithRerun(JUnit4Provider.java:240)
	at org.apache.maven.surefire.junit4.JUnit4Provider.executeTestSet(JUnit4Provider.java:214)
	at org.apache.maven.surefire.junit4.JUnit4Provider.invoke(JUnit4Provider.java:155)
	at org.apache.maven.surefire.booter.ForkedBooter.runSuitesInProcess(ForkedBooter.java:385)
	at org.apache.maven.surefire.booter.ForkedBooter.execute(ForkedBooter.java:162)
	at org.apache.maven.surefire.booter.ForkedBooter.run(ForkedBooter.java:507)
	at org.apache.maven.surefire.booter.ForkedBooter.main(ForkedBooter.java:495)
]]></error>
    <system-out><![CDATA[=== ATTENDU ===
0 1 0 
1 1 1 
0 1 0 
=== OBTENU  ===
]]></system-out>
  </testcase>
  <testcase name="testTasSimpleStable" classname="iut.sae.algo.TasMinimifyTest" time="0.0">
    <error message="Cannot read the array length because &quot;&lt;local1&gt;&quot; is null" type="java.lang.NullPointerException"><![CDATA[java.lang.NullPointerException: Cannot read the array length because "<local1>" is null
	at iut.sae.algo.TasDeSableTest.afficherBac(TasDeSableTest.java:334)
	at iut.sae.algo.TasDeSableTest.assertBacEquals(TasDeSableTest.java:353)
	at iut.sae.algo.TasDeSableTest.testTasSimpleStable(TasDeSableTest.java:78)
	at java.base/jdk.internal.reflect.DirectMethodHandleAccessor.invoke(DirectMethodHandleAccessor.java:104)
	at java.base/java.lang.reflect.Method.invoke(Method.java:565)
	at junit.framework.TestCase.runTest(TestCase.java:177)
	at junit.framework.TestCase.runBare(TestCase.java:142)
	at junit.framework.TestResult$1.protect(TestResult.java:122)
	at junit.framework.TestResult.runProtected(TestResult.java:142)
	at junit.framework.TestResult.run(TestResult.java:125)
	at junit.framework.TestCase.run(TestCase.java:130)
	at junit.framework.TestSuite.runTest(TestSuite.java:241)
	at junit.framework.TestSuite.run(TestSuite.java:236)
	at org.junit.internal.runners.JUnit38ClassRunner.run(JUnit38ClassRunner.java:90)
	at org.apache.maven.surefire.junit4.JUnit4Provider.execute(JUnit4Provider.java:316)
	at org.apache.maven.surefire.junit4.JUnit4Provider.executeWithRerun(JUnit4Provider.java:240)
	at org.apache.maven.surefire.junit4.JUnit4Provider.executeTestSet(JUnit4Provider.java:214)
	at org.apache.maven.surefire.junit4.JUnit4Provider.invoke(JUnit4Provider.java:155)
	at org.apache.maven.surefire.booter.ForkedBooter.runSuitesInProcess(ForkedBooter.java:385)
	at org.apache.maven.surefire.booter.ForkedBooter.execute(ForkedBooter.java:162)
	at org.apache.maven.surefire.booter.ForkedBooter.run(ForkedBooter.java:507)
	at org.apache.maven.surefire.booter.ForkedBooter.main(ForkedBooter.java:495)
]]></error>
    <system-out><![CDATA[=== ATTENDU ===
0 0 0 
0 1 0 
0 0 0 
=== OBTENU  ===
]]></system-out>
  </testcase>
  <testcase name="testBacNul" classname="iut.sae.algo.TasMinimifyTest" time="0.0">
    <error message="Cannot read the array length because &quot;&lt;local1&gt;&quot; is null" type="java.lang.NullPointerException"><![CDATA[java.lang.NullPointerException: Cannot read the array length because "<local1>" is null
	at iut.sae.algo.TasDeSableTest.afficherBac(TasDeSableTest.java:334)
	at iut.sae.algo.TasDeSableTest.assertBacEquals(TasDeSableTest.java:353)
	at iut.sae.algo.TasDeSableTest.testBacNul(TasDeSableTest.java:17)
	at java.base/jdk.internal.reflect.DirectMethodHandleAccessor.invoke(DirectMethodHandleAccessor.java:104)
	at java.base/java.lang.reflect.Method.invoke(Method.java:565)
	at junit.framework.TestCase.runTest(TestCase.java:177)
	at junit.framework.TestCase.runBare(TestCase.java:142)
	at junit.framework.TestResult$1.protect(TestResult.java:122)
	at junit.framework.TestResult.runProtected(TestResult.java:142)
	at junit.framework.TestResult.run(TestResult.java:125)
	at junit.framework.TestCase.run(TestCase.java:130)
	at junit.framework.TestSuite.runTest(TestSuite.java:241)
	at junit.framework.TestSuite.run(TestSuite.java:236)
	at org.junit.internal.runners.JUnit38ClassRunner.run(JUnit38ClassRunner.java:90)
	at org.apache.maven.surefire.junit4.JUnit4Provider.execute(JUnit4Provider.java:316)
	at org.apache.maven.surefire.junit4.JUnit4Provider.executeWithRerun(JUnit4Provider.java:240)
	at org.apache.maven.surefire.junit4.JUnit4Provider.executeTestSet(JUnit4Provider.java:214)
	at org.apache.maven.surefire.junit4.JUnit4Provider.invoke(JUnit4Provider.java:155)
	at org.apache.maven.surefire.booter.ForkedBooter.runSuitesInProcess(ForkedBooter.java:385)
	at org.apache.maven.surefire.booter.ForkedBooter.execute(ForkedBooter.java:162)
	at org.apache.maven.surefire.booter.ForkedBooter.run(ForkedBooter.java:507)
	at org.apache.maven.surefire.booter.ForkedBooter.main(ForkedBooter.java:495)
]]></error>
    <system-out><![CDATA[=== ATTENDU ===

=== OBTENU  ===
]]></system-out>
  </testcase>
  <testcase name="testTasCoin10BD" classname="iut.sae.algo.TasMinimifyTest" time="0.001">
    <error message="Cannot read the array length because &quot;&lt;local1&gt;&quot; is null" type="java.lang.NullPointerException"><![CDATA[java.lang.NullPointerException: Cannot read the array length because "<local1>" is null
	at iut.sae.algo.TasDeSableTest.afficherBac(TasDeSableTest.java:334)
	at iut.sae.algo.TasDeSableTest.assertBacEquals(TasDeSableTest.java:353)
	at iut.sae.algo.TasDeSableTest.testTasCoin10BD(TasDeSableTest.java:223)
	at java.base/jdk.internal.reflect.DirectMethodHandleAccessor.invoke(DirectMethodHandleAccessor.java:104)
	at java.base/java.lang.reflect.Method.invoke(Method.java:565)
	at junit.framework.TestCase.runTest(TestCase.java:177)
	at junit.framework.TestCase.runBare(TestCase.java:142)
	at junit.framework.TestResult$1.protect(TestResult.java:122)
	at junit.framework.TestResult.runProtected(TestResult.java:142)
	at junit.framework.TestResult.run(TestResult.java:125)
	at junit.framework.TestCase.run(TestCase.java:130)
	at junit.framework.TestSuite.runTest(TestSuite.java:241)
	at junit.framework.TestSuite.run(TestSuite.java:236)
	at org.junit.internal.runners.JUnit38ClassRunner.run(JUnit38ClassRunner.java:90)
	at org.apache.maven.surefire.junit4.JUnit4Provider.execute(JUnit4Provider.java:316)
	at org.apache.maven.surefire.junit4.JUnit4Provider.executeWithRerun(JUnit4Provider.java:240)
	at org.apache.maven.surefire.junit4.JUnit4Provider.executeTestSet(JUnit4Provider.java:214)
	at org.apache.maven.surefire.junit4.JUnit4Provider.invoke(JUnit4Provider.java:155)
	at org.apache.maven.surefire.booter.ForkedBooter.runSuitesInProcess(ForkedBooter.java:385)
	at org.apache.maven.surefire.booter.ForkedBooter.execute(ForkedBooter.java:162)
	at org.apache.maven.surefire.booter.ForkedBooter.run(ForkedBooter.java:507)
	at org.apache.maven.surefire.booter.ForkedBooter.main(ForkedBooter.java:495)
]]></error>
    <system-out><![CDATA[=== ATTENDU ===
0 1 1 
0 1 2 
1 2 2 
=== OBTENU  ===
]]></system-out>
  </testcase>
  <testcase name="testTasCoin10BG" classname="iut.sae.algo.TasMinimifyTest" time="0.001">
    <error message="Cannot read the array length because &quot;&lt;local1&gt;&quot; is null" type="java.lang.NullPointerException"><![CDATA[java.lang.NullPointerException: Cannot read the array length because "<local1>" is null
	at iut.sae.algo.TasDeSableTest.afficherBac(TasDeSableTest.java:334)
	at iut.sae.algo.TasDeSableTest.assertBacEquals(TasDeSableTest.java:353)
	at iut.sae.algo.TasDeSableTest.testTasCoin10BG(TasDeSableTest.java:211)
	at java.base/jdk.internal.reflect.DirectMethodHandleAccessor.invoke(DirectMethodHandleAccessor.java:104)
	at java.base/java.lang.reflect.Method.invoke(Method.java:565)
	at junit.framework.TestCase.runTest(TestCase.java:177)
	at junit.framework.TestCase.runBare(TestCase.java:142)
	at junit.framework.TestResult$1.protect(TestResult.java:122)
	at junit.framework.TestResult.runProtected(TestResult.java:142)
	at junit.framework.TestResult.run(TestResult.java:125)
	at junit.framework.TestCase.run(TestCase.java:130)
	at junit.framework.TestSuite.runTest(TestSuite.java:241)
	at junit.framework.TestSuite.run(TestSuite.java:236)
	at org.junit.internal.runners.JUnit38ClassRunner.run(JUnit38ClassRunner.java:90)
	at org.apache.maven.surefire.junit4.JUnit4Provider.execute(JUnit4Provider.java:316)
	at org.apache.maven.surefire.junit4.JUnit4Provider.executeWithRerun(JUnit4Provider.java:240)
	at org.apache.maven.surefire.junit4.JUnit4Provider.executeTestSet(JUnit4Provider.java:214)
	at org.apache.maven.surefire.junit4.JUnit4Provider.invoke(JUnit4Provider.java:155)
	at org.apache.maven.surefire.booter.ForkedBooter.runSuitesInProcess(ForkedBooter.java:385)
	at org.apache.maven.surefire.booter.ForkedBooter.execute(ForkedBooter.java:162)
	at org.apache.maven.surefire.booter.ForkedBooter.run(ForkedBooter.java:507)
	at org.apache.maven.surefire.booter.ForkedBooter.main(ForkedBooter.java:495)
]]></error>
    <system-out><![CDATA[=== ATTENDU ===
1 1 0 
2 1 0 
2 2 1 
=== OBTENU  ===
]]></system-out>
  </testcase>
  <testcase name="testTasCoin10HD" classname="iut.sae.algo.TasMinimifyTest" time="0.0">
    <error message="Cannot read the array length because &quot;&lt;local1&gt;&quot; is null" type="java.lang.NullPointerException"><![CDATA[java.lang.NullPointerException: Cannot read the array length because "<local1>" is null
	at iut.sae.algo.TasDeSableTest.afficherBac(TasDeSableTest.java:334)
	at iut.sae.algo.TasDeSableTest.assertBacEquals(TasDeSableTest.java:353)
	at iut.sae.algo.TasDeSableTest.testTasCoin10HD(TasDeSableTest.java:199)
	at java.base/jdk.internal.reflect.DirectMethodHandleAccessor.invoke(DirectMethodHandleAccessor.java:104)
	at java.base/java.lang.reflect.Method.invoke(Method.java:565)
	at junit.framework.TestCase.runTest(TestCase.java:177)
	at junit.framework.TestCase.runBare(TestCase.java:142)
	at junit.framework.TestResult$1.protect(TestResult.java:122)
	at junit.framework.TestResult.runProtected(TestResult.java:142)
	at junit.framework.TestResult.run(TestResult.java:125)
	at junit.framework.TestCase.run(TestCase.java:130)
	at junit.framework.TestSuite.runTest(TestSuite.java:241)
	at junit.framework.TestSuite.run(TestSuite.java:236)
	at org.junit.internal.runners.JUnit38ClassRunner.run(JUnit38ClassRunner.java:90)
	at org.apache.maven.surefire.junit4.JUnit4Provider.execute(JUnit4Provider.java:316)
	at org.apache.maven.surefire.junit4.JUnit4Provider.executeWithRerun(JUnit4Provider.java:240)
	at org.apache.maven.surefire.junit4.JUnit4Provider.executeTestSet(JUnit4Provider.java:214)
	at org.apache.maven.surefire.junit4.JUnit4Provider.invoke(JUnit4Provider.java:155)
	at org.apache.maven.surefire.booter.ForkedBooter.runSuitesInProcess(ForkedBooter.java:385)
	at org.apache.maven.surefire.booter.ForkedBooter.execute(ForkedBooter.java:162)
	at org.apache.maven.surefire.booter.ForkedBooter.run(ForkedBooter.java:507)
	at org.apache.maven.surefire.booter.ForkedBooter.main(ForkedBooter.java:495)
]]></error>
    <system-out><![CDATA[=== ATTENDU ===
1 2 2 
0 1 2 
0 1 1 
=== OBTENU  ===
]]></system-out>
  </testcase>
  <testcase name="testTasCoin10HG" classname="iut.sae.algo.TasMinimifyTest" time="0.0">
    <error message="Cannot read the array length because &quot;&lt;local1&gt;&quot; is null" type="java.lang.NullPointerException"><![CDATA[java.lang.NullPointerException: Cannot read the array length because "<local1>" is null
	at iut.sae.algo.TasDeSableTest.afficherBac(TasDeSableTest.java:334)
	at iut.sae.algo.TasDeSableTest.assertBacEquals(TasDeSableTest.java:353)
	at iut.sae.algo.TasDeSableTest.testTasCoin10HG(TasDeSableTest.java:187)
	at java.base/jdk.internal.reflect.DirectMethodHandleAccessor.invoke(DirectMethodHandleAccessor.java:104)
	at java.base/java.lang.reflect.Method.invoke(Method.java:565)
	at junit.framework.TestCase.runTest(TestCase.java:177)
	at junit.framework.TestCase.runBare(TestCase.java:142)
	at junit.framework.TestResult$1.protect(TestResult.java:122)
	at junit.framework.TestResult.runProtected(TestResult.java:142)
	at junit.framework.TestResult.run(TestResult.java:125)
	at junit.framework.TestCase.run(TestCase.java:130)
	at junit.framework.TestSuite.runTest(TestSuite.java:241)
	at junit.framework.TestSuite.run(TestSuite.java:236)
	at org.junit.internal.runners.JUnit38ClassRunner.run(JUnit38ClassRunner.java:90)
	at org.apache.maven.surefire.junit4.JUnit4Provider.execute(JUnit4Provider.java:316)
	at org.apache.maven.surefire.junit4.JUnit4Provider.executeWithRerun(JUnit4Provider.java:240)
	at org.apache.maven.surefire.junit4.JUnit4Provider.executeTestSet(JUnit4Provider.java:214)
	at org.apache.maven.surefire.junit4.JUnit4Provider.invoke(JUnit4Provider.java:155)
	at org.apache.maven.surefire.booter.ForkedBooter.runSuitesInProcess(ForkedBooter.java:385)
	at org.apache.maven.surefire.booter.ForkedBooter.execute(ForkedBooter.java:162)
	at org.apache.maven.surefire.booter.ForkedBooter.run(ForkedBooter.java:507)
	at org.apache.maven.surefire.booter.ForkedBooter.main(ForkedBooter.java:495)
]]></error>
    <system-out><![CDATA[=== ATTENDU ===
2 2 1 
2 1 1 
1 0 0 
=== OBTENU  ===
]]></system-out>
  </testcase>
  <testcase name="testPartiel1" classname="iut.sae.algo.TasMinimifyTest" time="0.001">
    <error message="Cannot read the array length because &quot;&lt;local1&gt;&quot; is null" type="java.lang.NullPointerException"><![CDATA[java.lang.NullPointerException: Cannot read the array length because "<local1>" is null
	at iut.sae.algo.TasDeSableTest.afficherBac(TasDeSableTest.java:334)
	at iut.sae.algo.TasDeSableTest.assertBacEquals(TasDeSableTest.java:353)
	at iut.sae.algo.TasDeSableTest.testPartiel1(TasDeSableTest.java:103)
	at java.base/jdk.internal.reflect.DirectMethodHandleAccessor.invoke(DirectMethodHandleAccessor.java:104)
	at java.base/java.lang.reflect.Method.invoke(Method.java:565)
	at junit.framework.TestCase.runTest(TestCase.java:177)
	at junit.framework.TestCase.runBare(TestCase.java:142)
	at junit.framework.TestResult$1.protect(TestResult.java:122)
	at junit.framework.TestResult.runProtected(TestResult.java:142)
	at junit.framework.TestResult.run(TestResult.java:125)
	at junit.framework.TestCase.run(TestCase.java:130)
	at junit.framework.TestSuite.runTest(TestSuite.java:241)
	at junit.framework.TestSuite.run(TestSuite.java:236)
	at org.junit.internal.runners.JUnit38ClassRunner.run(JUnit38ClassRunner.java:90)
	at org.apache.maven.surefire.junit4.JUnit4Provider.execute(JUnit4Provider.java:316)
	at org.apache.maven.surefire.junit4.JUnit4Provider.executeWithRerun(JUnit4Provider.java:240)
	at org.apache.maven.surefire.junit4.JUnit4Provider.executeTestSet(JUnit4Provider.java:214)
	at org.apache.maven.surefire.junit4.JUnit4Provider.invoke(JUnit4Provider.java:155)
	at org.apache.maven.surefire.booter.ForkedBooter.runSuitesInProcess(ForkedBooter.java:385)
	at org.apache.maven.surefire.booter.ForkedBooter.execute(ForkedBooter.java:162)
	at org.apache.maven.surefire.booter.ForkedBooter.run(ForkedBooter.java:507)
	at org.apache.maven.surefire.booter.ForkedBooter.main(ForkedBooter.java:495)
]]></error>
    <system-out><![CDATA[=== ATTENDU ===
0 1 0 
0 1 0 
0 0 0 
=== OBTENU  ===
]]></system-out>
  </testcase>
  <testcase name="testPartiel2" classname="iut.sae.algo.TasMinimifyTest" time="0.0">
    <error message="Cannot read the array length because &quot;&lt;local1&gt;&quot; is null" type="java.lang.NullPointerException"><![CDATA[java.lang.NullPointerException: Cannot read the array length because "<local1>" is null
	at iut.sae.algo.TasDeSableTest.afficherBac(TasDeSableTest.java:334)
	at iut.sae.algo.TasDeSableTest.assertBacEquals(TasDeSableTest.java:353)
	at iut.sae.algo.TasDeSableTest.testPartiel2(TasDeSableTest.java:115)
	at java.base/jdk.internal.reflect.DirectMethodHandleAccessor.invoke(DirectMethodHandleAccessor.java:104)
	at java.base/java.lang.reflect.Method.invoke(Method.java:565)
	at junit.framework.TestCase.runTest(TestCase.java:177)
	at junit.framework.TestCase.runBare(TestCase.java:142)
	at junit.framework.TestResult$1.protect(TestResult.java:122)
	at junit.framework.TestResult.runProtected(TestResult.java:142)
	at junit.framework.TestResult.run(TestResult.java:125)
	at junit.framework.TestCase.run(TestCase.java:130)
	at junit.framework.TestSuite.runTest(TestSuite.java:241)
	at junit.framework.TestSuite.run(TestSuite.java:236)
	at org.junit.internal.runners.JUnit38ClassRunner.run(JUnit38ClassRunner.java:90)
	at org.apache.maven.surefire.junit4.JUnit4Provider.execute(JUnit4Provider.java:316)
	at org.apache.maven.surefire.junit4.JUnit4Provider.executeWithRerun(JUnit4Provider.java:240)
	at org.apache.maven.surefire.junit4.JUnit4Provider.executeTestSet(JUnit4Provider.java:214)
	at org.apache.maven.surefire.junit4.JUnit4Provider.invoke(JUnit4Provider.java:155)
	at org.apache.maven.surefire.booter.ForkedBooter.runSuitesInProcess(ForkedBooter.java:385)
	at org.apache.maven.surefire.booter.ForkedBooter.execute(ForkedBooter.java:162)
	at org.apache.maven.surefire.booter.ForkedBooter.run(ForkedBooter.java:507)
	at org.apache.maven.surefire.booter.ForkedBooter.main(ForkedBooter.java:495)
]]></error>
    <system-out><![CDATA[=== ATTENDU ===
0 1 0 
0 1 1 
0 0 0 
=== OBTENU  ===
]]></system-out>
  </testcase>
  <testcase name="testPartiel3" classname="iut.sae.algo.TasMinimifyTest" time="0.0">
    <error message="Cannot read the array length because &quot;&lt;local1&gt;&quot; is null" type="java.lang.NullPointerException"><![CDATA[java.lang.NullPointerException: Cannot read the array length because "<local1>" is null
	at iut.sae.algo.TasDeSableTest.afficherBac(TasDeSableTest.java:334)
	at iut.sae.algo.TasDeSableTest.assertBacEquals(TasDeSableTest.java:353)
	at iut.sae.algo.TasDeSableTest.testPartiel3(TasDeSableTest.java:127)
	at java.base/jdk.internal.reflect.DirectMethodHandleAccessor.invoke(DirectMethodHandleAccessor.java:104)
	at java.base/java.lang.reflect.Method.invoke(Method.java:565)
	at junit.framework.TestCase.runTest(TestCase.java:177)
	at junit.framework.TestCase.runBare(TestCase.java:142)
	at junit.framework.TestResult$1.protect(TestResult.java:122)
	at junit.framework.TestResult.runProtected(TestResult.java:142)
	at junit.framework.TestResult.run(TestResult.java:125)
	at junit.framework.TestCase.run(TestCase.java:130)
	at junit.framework.TestSuite.runTest(TestSuite.java:241)
	at junit.framework.TestSuite.run(TestSuite.java:236)
	at org.junit.internal.runners.JUnit38ClassRunner.run(JUnit38ClassRunner.java:90)
	at org.apache.maven.surefire.junit4.JUnit4Provider.execute(JUnit4Provider.java:316)
	at org.apache.maven.surefire.junit4.JUnit4Provider.executeWithRerun(JUnit4Provider.java:240)
	at org.apache.maven.surefire.junit4.JUnit4Provider.executeTestSet(JUnit4Provider.java:214)
	at org.apache.maven.surefire.junit4.JUnit4Provider.invoke(JUnit4Provider.java:155)
	at org.apache.maven.surefire.booter.ForkedBooter.runSuitesInProcess(ForkedBooter.java:385)
	at org.apache.maven.surefire.booter.ForkedBooter.execute(ForkedBooter.java:162)
	at org.apache.maven.surefire.booter.ForkedBooter.run(ForkedBooter.java:507)
	at org.apache.maven.surefire.booter.ForkedBooter.main(ForkedBooter.java:495)
]]></error>
    <system-out><![CDATA[=== ATTENDU ===
0 1 0 
0 1 1 
0 1 0 
=== OBTENU  ===
]]></system-out>
  </testcase>
  <testcase name="testDoubleTas10" classname="iut.sae.algo.TasMinimifyTest" time="0.0">
    <error message="Cannot read the array length because &quot;&lt;local1&gt;&quot; is null" type="java.lang.NullPointerException"><![CDATA[java.lang.NullPointerException: Cannot read the array length because "<local1>" is null
	at iut.sae.algo.TasDeSableTest.afficherBac(TasDeSableTest.java:334)
	at iut.sae.algo.TasDeSableTest.assertBacEquals(TasDeSableTest.java:353)
	at iut.sae.algo.TasDeSableTest.testDoubleTas10(TasDeSableTest.java:292)
	at java.base/jdk.internal.reflect.DirectMethodHandleAccessor.invoke(DirectMethodHandleAccessor.java:104)
	at java.base/java.lang.reflect.Method.invoke(Method.java:565)
	at junit.framework.TestCase.runTest(TestCase.java:177)
	at junit.framework.TestCase.runBare(TestCase.java:142)
	at junit.framework.TestResult$1.protect(TestResult.java:122)
	at junit.framework.TestResult.runProtected(TestResult.java:142)
	at junit.framework.TestResult.run(TestResult.java:125)
	at junit.framework.TestCase.run(TestCase.java:130)
	at junit.framework.TestSuite.runTest(TestSuite.java:241)
	at junit.framework.TestSuite.run(TestSuite.java:236)
	at org.junit.internal.runners.JUnit38ClassRunner.run(JUnit38ClassRunner.java:90)
	at org.apache.maven.surefire.junit4.JUnit4Provider.execute(JUnit4Provider.java:316)
	at org.apache.maven.surefire.junit4.JUnit4Provider.executeWithRerun(JUnit4Provider.java:240)
	at org.apache.maven.surefire.junit4.JUnit4Provider.executeTestSet(JUnit4Provider.java:214)
	at org.apache.maven.surefire.junit4.JUnit4Provider.invoke(JUnit4Provider.java:155)
	at org.apache.maven.surefire.booter.ForkedBooter.runSuitesInProcess(ForkedBooter.java:385)
	at org.apache.maven.surefire.booter.ForkedBooter.execute(ForkedBooter.java:162)
	at org.apache.maven.surefire.booter.ForkedBooter.run(ForkedBooter.java:507)
	at org.apache.maven.surefire.booter.ForkedBooter.main(ForkedBooter.java:495)
]]></error>
    <system-out><![CDATA[=== ATTENDU ===
1 1 1 0 0 
1 2 1 1 0 
1 1 1 1 1 
0 0 1 2 1 
0 0 1 1 1 
=== OBTENU  ===
]]></system-out>
  </testcase>
</testsuite>