<?xml version="1.0" encoding="UTF-8"?>
<testsuite xmlns:xsi="http://www.w3.org/2001/XMLSchema-instance" xsi:noNamespaceSchemaLocation="https://maven.apache.org/surefire/maven-surefire-plugin/xsd/surefire-test-report.xsd" version="3.0.2" name="iut.sae.algo.TasSimpliciteTest" time="0.095" tests="25" errors="0" skipped="0" failures="0">
  <properties>
[...]
</properties>
  <testcase name="test500" classname="iut.sae.algo.TasSimpliciteTest" time="0.019"/>
  <testcase name="testIUT" classname="iut.sae.algo.TasSimpliciteTest" time="0.0"/>
  <testcase name="testBacTropPetit" classname="iut.sae.algo.TasSimpliciteTest" time="0.0"/>
  <testcase name="testTrou" classname="iut.sae.algo.TasSimpliciteTest" time="0.0"/>
  <testcase name="testBacPlat" classname="iut.sae.algo.TasSimpliciteTest" time="0.0"/>
  <testcase name="testBacVide" classname="iut.sae.algo.TasSimpliciteTest" time="0.0"/>
  <testcase name="testTasCoin1BD" classname="iut.sae.algo.TasSimpliciteTest" time="0.0"/>
  <testcase name="testTasCoin1BG" classname="iut.sae.algo.TasSimpliciteTest" time="0.0"/>
  <testcase name="testTasCoin1HD" classname="iut.sae.algo.TasSimpliciteTest" time="0.0"/>
  <testcase name="testTasCoin1HG" classname="iut.sae.algo.TasSimpliciteTest" time="0.0"/>
  <testcase name="testTasLigneB" classname="iut.sae.algo.TasSimpliciteTest" time="0.0"/>
  <testcase name="testTasLigneC" classname="iut.sae.algo.TasSimpliciteTest" time="0.0"/>
  <testcase name="testTasLigneH" classname="iut.sae.algo.TasSimpliciteTest" time="0.0"/>
  <testcase name="testDoubleTas5" classname="iut.sae.algo.TasSimpliciteTest" time="0.0"/>
  <testcase name="testTasSimple" classname="iut.sae.algo.TasSimpliciteTest" time="0.0"/>
  <testcase name="testTasSimpleStable" classname="iut.sae.algo.TasSimpliciteTest" time="0.0"/>
  <testcase name="testBacNul" classname="iut.sae.algo.TasSimpliciteTest" time="0.0"/>
  <testcase name="testTasCoin10BD" classname="iut.sae.algo.TasSimpliciteTest" time="0.0"/>
  <testcase name="testTasCoin10BG" classname="iut.sae.algo.TasSimpliciteTest" time="0.0"/>
  <testcase name="testTasCoin10HD" classname="iut.sae.algo.TasSimpliciteTest" time="0.0"/>
  <testcase name="testTasCoin10HG" classname="iut.sae.algo.TasSimpliciteTest" time="0.0"/>
  <testcase name="testPartiel1" classname="iut.sae.algo.TasSimpliciteTest" time="0.0"/>
  <testcase name="testPartiel2" classname="iut.sae.algo.TasSimpliciteTest" time="0.002"/>
  <testcase name="testPartiel3" classname="iut.sae.algo.TasSimpliciteTest" time="0.0"/>
  <testcase name="testDoubleTas10" classname="iut.sae.algo.TasSimpliciteTest" time="0.0"/>
</testsuite>